  main.cpp
c:\users\kyle\documents\fall 2017\cs 535\project2\project2\main.cpp(77): warning C4305: 'argument': truncation from 'double' to 'GLfloat'
c:\users\kyle\documents\fall 2017\cs 535\project2\project2\main.cpp(90): warning C4305: 'argument': truncation from 'double' to 'GLfloat'
c:\users\kyle\documents\fall 2017\cs 535\project2\project2\main.cpp(96): warning C4305: 'argument': truncation from 'double' to 'GLfloat'
c:\users\kyle\documents\fall 2017\cs 535\project2\project2\main.cpp(98): warning C4244: 'initializing': conversion from 'double' to 'GLfloat', possible loss of data
c:\users\kyle\documents\fall 2017\cs 535\project2\project2\main.cpp(119): warning C4244: 'argument': conversion from 'double' to 'GLfloat', possible loss of data
c:\users\kyle\documents\fall 2017\cs 535\project2\project2\main.cpp(122): warning C4244: 'argument': conversion from 'double' to 'GLfloat', possible loss of data
c:\users\kyle\documents\fall 2017\cs 535\project2\project2\main.cpp(157): warning C4305: 'argument': truncation from 'double' to 'GLfloat'
c:\users\kyle\documents\fall 2017\cs 535\project2\project2\main.cpp(201): warning C4244: 'initializing': conversion from 'double' to 'GLfloat', possible loss of data
c:\users\kyle\documents\fall 2017\cs 535\project2\project2\main.cpp(202): warning C4244: 'initializing': conversion from 'double' to 'GLfloat', possible loss of data
c:\users\kyle\documents\fall 2017\cs 535\project2\project2\main.cpp(283): warning C4305: 'argument': truncation from 'double' to 'GLfloat'
c:\users\kyle\documents\fall 2017\cs 535\project2\project2\main.cpp(306): warning C4244: 'initializing': conversion from 'double' to 'GLfloat', possible loss of data
c:\users\kyle\documents\fall 2017\cs 535\project2\project2\main.cpp(307): warning C4244: 'initializing': conversion from 'double' to 'GLfloat', possible loss of data
c:\users\kyle\documents\fall 2017\cs 535\project2\project2\main.cpp(310): warning C4244: 'initializing': conversion from 'double' to 'GLfloat', possible loss of data
c:\users\kyle\documents\fall 2017\cs 535\project2\project2\main.cpp(314): warning C4244: 'initializing': conversion from 'double' to 'GLfloat', possible loss of data
c:\users\kyle\documents\fall 2017\cs 535\project2\project2\main.cpp(392): warning C4244: 'argument': conversion from 'double' to 'GLfloat', possible loss of data
c:\users\kyle\documents\fall 2017\cs 535\project2\project2\main.cpp(405): warning C4244: 'argument': conversion from 'double' to 'GLfloat', possible loss of data
c:\users\kyle\documents\fall 2017\cs 535\project2\project2\main.cpp(446): warning C4305: 'argument': truncation from 'double' to 'GLfloat'
c:\users\kyle\documents\fall 2017\cs 535\project2\project2\main.cpp(451): warning C4305: 'argument': truncation from 'double' to 'GLfloat'
c:\users\kyle\documents\fall 2017\cs 535\project2\project2\main.cpp(456): warning C4305: 'argument': truncation from 'double' to 'GLfloat'
c:\users\kyle\documents\fall 2017\cs 535\project2\project2\main.cpp(470): warning C4305: 'argument': truncation from 'double' to 'GLfloat'
c:\users\kyle\documents\fall 2017\cs 535\project2\project2\main.cpp(479): warning C4305: 'argument': truncation from 'double' to 'GLfloat'
c:\users\kyle\documents\fall 2017\cs 535\project2\project2\main.cpp(491): warning C4244: '=': conversion from 'double' to 'GLfloat', possible loss of data
c:\users\kyle\documents\fall 2017\cs 535\project2\project2\main.cpp(497): warning C4244: '=': conversion from 'double' to 'GLfloat', possible loss of data
c:\users\kyle\documents\fall 2017\cs 535\project2\project2\main.cpp(566): warning C4305: '-=': truncation from 'double' to 'GLfloat'
c:\users\kyle\documents\fall 2017\cs 535\project2\project2\main.cpp(570): warning C4305: '+=': truncation from 'double' to 'GLfloat'
c:\users\kyle\documents\fall 2017\cs 535\project2\project2\main.cpp(574): warning C4305: '-=': truncation from 'double' to 'GLfloat'
c:\users\kyle\documents\fall 2017\cs 535\project2\project2\main.cpp(578): warning C4305: '+=': truncation from 'double' to 'GLfloat'
c:\users\kyle\documents\fall 2017\cs 535\project2\project2\main.cpp(582): warning C4305: '-=': truncation from 'double' to 'GLfloat'
c:\users\kyle\documents\fall 2017\cs 535\project2\project2\main.cpp(586): warning C4305: '+=': truncation from 'double' to 'GLfloat'
c:\users\kyle\documents\fall 2017\cs 535\project2\project2\main.cpp(627): warning C4305: '+=': truncation from 'double' to 'GLfloat'
  Project2.vcxproj -> C:\Users\Kyle\Documents\Fall 2017\CS 535\Project2\Debug\Project2.exe
  Project2.vcxproj -> C:\Users\Kyle\Documents\Fall 2017\CS 535\Project2\Debug\Project2.pdb (Partial PDB)
